<?xml version="1.0" encoding="UTF-8"?>
<!-- Generated by org.testng.reporters.JUnitXMLReporter -->
<testsuite hostname="LAPTOP-38O84GC3" ignored="0" name="Default test" tests="17" failures="0" timestamp="02 Jul 2018 19:10:52 GMT" time="16.488" errors="0">
  <testcase name="titleVerification" time="0.012" classname="Mockaroo.MockarooDataValidation"/>
  <testcase name="display" time="0.076" classname="Mockaroo.MockarooDataValidation"/>
  <testcase name="clickX" time="0.384" classname="Mockaroo.MockarooDataValidation"/>
  <testcase name="displayFTO" time="0.099" classname="Mockaroo.MockarooDataValidation"/>
  <testcase name="isEnable" time="0.023" classname="Mockaroo.MockarooDataValidation"/>
  <testcase name="defaultNFL" time="0.082" classname="Mockaroo.MockarooDataValidation"/>
  <testcase name="checked" time="0.063" classname="Mockaroo.MockarooDataValidation"/>
  <testcase name="addFieldCity" time="0.18" classname="Mockaroo.MockarooDataValidation"/>
  <testcase name="choseType" time="3.28" classname="Mockaroo.MockarooDataValidation"/>
  <testcase name="forCountry" time="6.527" classname="Mockaroo.MockarooDataValidation"/>
  <testcase name="file" time="0.002" classname="Mockaroo.MockarooDataValidation"/>
  <testcase name="loadingCities" time="0.001" classname="Mockaroo.MockarooDataValidation"/>
  <testcase name="loadingCountries" time="0.002" classname="Mockaroo.MockarooDataValidation"/>
  <testcase name="longestCity" time="0.002" classname="Mockaroo.MockarooDataValidation"/>
  <testcase name="frequencyCountry" time="0.028" classname="Mockaroo.MockarooDataValidation"/>
  <testcase name="uniqueCity" time="0.002" classname="Mockaroo.MockarooDataValidation"/>
  <testcase name="uniqueCountry" time="0.003" classname="Mockaroo.MockarooDataValidation"/>
</testsuite> <!-- Default test -->
