<?xml version="1.0" encoding="UTF-8"?>
<testng-results skipped="0" failed="0" ignored="0" total="17" passed="17">
  <reporter-output>
  </reporter-output>
  <suite name="Default suite" duration-ms="16488" started-at="2018-07-02T19:10:35Z" finished-at="2018-07-02T19:10:52Z">
    <groups>
    </groups>
    <test name="Default test" duration-ms="16488" started-at="2018-07-02T19:10:35Z" finished-at="2018-07-02T19:10:52Z">
      <class name="Mockaroo.MockarooDataValidation">
        <test-method status="PASS" signature="setUp()[pri:0, instance:Mockaroo.MockarooDataValidation@6a41eaa2]" name="setUp" is-config="true" duration-ms="5702" started-at="2018-07-02T19:10:35Z" finished-at="2018-07-02T19:10:41Z">
          <reporter-output>
          </reporter-output>
        </test-method> <!-- setUp -->
        <test-method status="PASS" signature="titleVerification()[pri:1, instance:Mockaroo.MockarooDataValidation@6a41eaa2]" name="titleVerification" duration-ms="12" started-at="2018-07-02T19:10:41Z" finished-at="2018-07-02T19:10:41Z">
          <reporter-output>
          </reporter-output>
        </test-method> <!-- titleVerification -->
        <test-method status="PASS" signature="display()[pri:2, instance:Mockaroo.MockarooDataValidation@6a41eaa2]" name="display" duration-ms="76" started-at="2018-07-02T19:10:41Z" finished-at="2018-07-02T19:10:41Z">
          <reporter-output>
          </reporter-output>
        </test-method> <!-- display -->
        <test-method status="PASS" signature="clickX()[pri:3, instance:Mockaroo.MockarooDataValidation@6a41eaa2]" name="clickX" duration-ms="384" started-at="2018-07-02T19:10:41Z" finished-at="2018-07-02T19:10:41Z">
          <reporter-output>
          </reporter-output>
        </test-method> <!-- clickX -->
        <test-method status="PASS" signature="displayFTO()[pri:4, instance:Mockaroo.MockarooDataValidation@6a41eaa2]" name="displayFTO" duration-ms="99" started-at="2018-07-02T19:10:41Z" finished-at="2018-07-02T19:10:41Z">
          <reporter-output>
          </reporter-output>
        </test-method> <!-- displayFTO -->
        <test-method status="PASS" signature="isEnable()[pri:5, instance:Mockaroo.MockarooDataValidation@6a41eaa2]" name="isEnable" duration-ms="23" started-at="2018-07-02T19:10:41Z" finished-at="2018-07-02T19:10:41Z">
          <reporter-output>
          </reporter-output>
        </test-method> <!-- isEnable -->
        <test-method status="PASS" signature="defaultNFL()[pri:6, instance:Mockaroo.MockarooDataValidation@6a41eaa2]" name="defaultNFL" duration-ms="82" started-at="2018-07-02T19:10:41Z" finished-at="2018-07-02T19:10:42Z">
          <reporter-output>
          </reporter-output>
        </test-method> <!-- defaultNFL -->
        <test-method status="PASS" signature="checked()[pri:7, instance:Mockaroo.MockarooDataValidation@6a41eaa2]" name="checked" duration-ms="63" started-at="2018-07-02T19:10:42Z" finished-at="2018-07-02T19:10:42Z">
          <reporter-output>
          </reporter-output>
        </test-method> <!-- checked -->
        <test-method status="PASS" signature="addFieldCity()[pri:8, instance:Mockaroo.MockarooDataValidation@6a41eaa2]" name="addFieldCity" duration-ms="180" started-at="2018-07-02T19:10:42Z" finished-at="2018-07-02T19:10:42Z">
          <reporter-output>
          </reporter-output>
        </test-method> <!-- addFieldCity -->
        <test-method status="PASS" signature="choseType()[pri:9, instance:Mockaroo.MockarooDataValidation@6a41eaa2]" name="choseType" duration-ms="3280" started-at="2018-07-02T19:10:42Z" finished-at="2018-07-02T19:10:45Z">
          <reporter-output>
          </reporter-output>
        </test-method> <!-- choseType -->
        <test-method status="PASS" signature="forCountry()[pri:10, instance:Mockaroo.MockarooDataValidation@6a41eaa2]" name="forCountry" duration-ms="6527" started-at="2018-07-02T19:10:45Z" finished-at="2018-07-02T19:10:52Z">
          <reporter-output>
          </reporter-output>
        </test-method> <!-- forCountry -->
        <test-method status="PASS" signature="file()[pri:12, instance:Mockaroo.MockarooDataValidation@6a41eaa2]" name="file" duration-ms="2" started-at="2018-07-02T19:10:52Z" finished-at="2018-07-02T19:10:52Z">
          <reporter-output>
          </reporter-output>
        </test-method> <!-- file -->
        <test-method status="PASS" signature="loadingCities()[pri:13, instance:Mockaroo.MockarooDataValidation@6a41eaa2]" name="loadingCities" duration-ms="1" started-at="2018-07-02T19:10:52Z" finished-at="2018-07-02T19:10:52Z">
          <reporter-output>
          </reporter-output>
        </test-method> <!-- loadingCities -->
        <test-method status="PASS" signature="loadingCountries()[pri:13, instance:Mockaroo.MockarooDataValidation@6a41eaa2]" name="loadingCountries" duration-ms="2" started-at="2018-07-02T19:10:52Z" finished-at="2018-07-02T19:10:52Z">
          <reporter-output>
          </reporter-output>
        </test-method> <!-- loadingCountries -->
        <test-method status="PASS" signature="longestCity()[pri:14, instance:Mockaroo.MockarooDataValidation@6a41eaa2]" name="longestCity" duration-ms="2" started-at="2018-07-02T19:10:52Z" finished-at="2018-07-02T19:10:52Z">
          <reporter-output>
          </reporter-output>
        </test-method> <!-- longestCity -->
        <test-method status="PASS" signature="frequencyCountry()[pri:15, instance:Mockaroo.MockarooDataValidation@6a41eaa2]" name="frequencyCountry" duration-ms="28" started-at="2018-07-02T19:10:52Z" finished-at="2018-07-02T19:10:52Z">
          <reporter-output>
          </reporter-output>
        </test-method> <!-- frequencyCountry -->
        <test-method status="PASS" signature="uniqueCity()[pri:16, instance:Mockaroo.MockarooDataValidation@6a41eaa2]" name="uniqueCity" duration-ms="2" started-at="2018-07-02T19:10:52Z" finished-at="2018-07-02T19:10:52Z">
          <reporter-output>
          </reporter-output>
        </test-method> <!-- uniqueCity -->
        <test-method status="PASS" signature="uniqueCountry()[pri:17, instance:Mockaroo.MockarooDataValidation@6a41eaa2]" name="uniqueCountry" duration-ms="3" started-at="2018-07-02T19:10:52Z" finished-at="2018-07-02T19:10:52Z">
          <reporter-output>
          </reporter-output>
        </test-method> <!-- uniqueCountry -->
      </class> <!-- Mockaroo.MockarooDataValidation -->
    </test> <!-- Default test -->
  </suite> <!-- Default suite -->
</testng-results>
